2026-04-14T00:38:42.310259+02:00 youssef-amr-VMware-Virtual-Platform gdm-launch-environment]: pam_unix(gdm-launch-environment:session): session opened for user gdm(uid=120) by (uid=0)
2026-04-14T00:38:42.370888+02:00 youssef-amr-VMware-Virtual-Platform (systemd): pam_unix(systemd-user:session): session opened for user gdm(uid=120) by gdm(uid=0)
2026-04-14T00:38:57.890690+02:00 youssef-amr-VMware-Virtual-Platform gdm-password]: pam_unix(gdm-password:session): session opened for user youssef-amr(uid=1000) by youssef-amr(uid=0)
2026-04-14T00:38:57.932236+02:00 youssef-amr-VMware-Virtual-Platform (systemd): pam_unix(systemd-user:session): session opened for user youssef-amr(uid=1000) by youssef-amr(uid=0)
2026-04-14T00:40:03.036123+02:00 youssef-amr-VMware-Virtual-Platform pkexec: pam_unix(polkit-1:session): session opened for user root(uid=0) by youssef-amr(uid=1000)
2026-04-14T00:45:01.020238+02:00 youssef-amr-VMware-Virtual-Platform CRON[5908]: pam_unix(cron:session): session opened for user root(uid=0) by root(uid=0)
2026-04-14T00:55:01.046338+02:00 youssef-amr-VMware-Virtual-Platform CRON[6698]: pam_unix(cron:session): session opened for user root(uid=0) by root(uid=0)
2026-04-14T01:07:16.372192+02:00 youssef-amr-VMware-Virtual-Platform CRON[6842]: pam_unix(cron:session): session opened for user root(uid=0) by root(uid=0)
2026-04-14T01:15:01.385438+02:00 youssef-amr-VMware-Virtual-Platform CRON[6949]: pam_unix(cron:session): session opened for user root(uid=0) by root(uid=0)
2026-04-14T01:17:01.395294+02:00 youssef-amr-VMware-Virtual-Platform CRON[6982]: pam_unix(cron:session): session opened for user root(uid=0) by root(uid=0)
2026-04-14T01:25:01.407174+02:00 youssef-amr-VMware-Virtual-Platform CRON[7071]: pam_unix(cron:session): session opened for user root(uid=0) by root(uid=0)
2026-04-14T01:35:01.420999+02:00 youssef-amr-VMware-Virtual-Platform CRON[7145]: pam_unix(cron:session): session opened for user root(uid=0) by root(uid=0)
2026-04-14T01:40:17.044158+02:00 youssef-amr-VMware-Virtual-Platform pkexec: pam_unix(polkit-1:session): session opened for user root(uid=0) by youssef-amr(uid=1000)
2026-04-14T01:43:17.014431+02:00 youssef-amr-VMware-Virtual-Platform pkexec: pam_unix(polkit-1:session): session opened for user root(uid=0) by youssef-amr(uid=1000)
2026-04-14T01:45:01.435181+02:00 youssef-amr-VMware-Virtual-Platform CRON[14172]: pam_unix(cron:session): session opened for user root(uid=0) by root(uid=0)
2026-04-14T01:55:01.450948+02:00 youssef-amr-VMware-Virtual-Platform CRON[14289]: pam_unix(cron:session): session opened for user root(uid=0) by root(uid=0)
2026-04-14T02:05:01.476736+02:00 youssef-amr-VMware-Virtual-Platform CRON[14396]: pam_unix(cron:session): session opened for user root(uid=0) by root(uid=0)
2026-04-14T02:15:01.518993+02:00 youssef-amr-VMware-Virtual-Platform CRON[14482]: pam_unix(cron:session): session opened for user root(uid=0) by root(uid=0)
2026-04-14T02:17:01.559704+02:00 youssef-amr-VMware-Virtual-Platform CRON[14497]: pam_unix(cron:session): session opened for user root(uid=0) by root(uid=0)
2026-04-14T02:25:01.605397+02:00 youssef-amr-VMware-Virtual-Platform CRON[14580]: pam_unix(cron:session): session opened for user root(uid=0) by root(uid=0)
2026-04-14T02:35:01.651242+02:00 youssef-amr-VMware-Virtual-Platform CRON[14686]: pam_unix(cron:session): session opened for user root(uid=0) by root(uid=0)
2026-04-14T02:45:01.696809+02:00 youssef-amr-VMware-Virtual-Platform CRON[14787]: pam_unix(cron:session): session opened for user root(uid=0) by root(uid=0)
2026-04-14T02:55:01.742382+02:00 youssef-amr-VMware-Virtual-Platform CRON[14867]: pam_unix(cron:session): session opened for user root(uid=0) by root(uid=0)
2026-04-14T03:05:01.787717+02:00 youssef-amr-VMware-Virtual-Platform CRON[15012]: pam_unix(cron:session): session opened for user root(uid=0) by root(uid=0)
2026-04-14T03:10:01.831089+02:00 youssef-amr-VMware-Virtual-Platform CRON[15076]: pam_unix(cron:session): session opened for user root(uid=0) by root(uid=0)
2026-04-14T03:15:01.867546+02:00 youssef-amr-VMware-Virtual-Platform CRON[15126]: pam_unix(cron:session): session opened for user root(uid=0) by root(uid=0)
2026-04-14T03:17:01.906969+02:00 youssef-amr-VMware-Virtual-Platform CRON[15152]: pam_unix(cron:session): session opened for user root(uid=0) by root(uid=0)
2026-04-14T03:25:01.952415+02:00 youssef-amr-VMware-Virtual-Platform CRON[15221]: pam_unix(cron:session): session opened for user root(uid=0) by root(uid=0)
2026-04-14T03:35:01.997165+02:00 youssef-amr-VMware-Virtual-Platform CRON[15293]: pam_unix(cron:session): session opened for user root(uid=0) by root(uid=0)
2026-04-14T03:45:01.048621+02:00 youssef-amr-VMware-Virtual-Platform CRON[15376]: pam_unix(cron:session): session opened for user root(uid=0) by root(uid=0)
2026-04-14T03:55:01.094509+02:00 youssef-amr-VMware-Virtual-Platform CRON[15486]: pam_unix(cron:session): session opened for user root(uid=0) by root(uid=0)
2026-04-14T04:05:01.140453+02:00 youssef-amr-VMware-Virtual-Platform CRON[15572]: pam_unix(cron:session): session opened for user root(uid=0) by root(uid=0)
2026-04-14T04:15:01.185222+02:00 youssef-amr-VMware-Virtual-Platform CRON[15645]: pam_unix(cron:session): session opened for user root(uid=0) by root(uid=0)
2026-04-14T04:17:01.226561+02:00 youssef-amr-VMware-Virtual-Platform CRON[15659]: pam_unix(cron:session): session opened for user root(uid=0) by root(uid=0)
2026-04-14T04:25:01.274038+02:00 youssef-amr-VMware-Virtual-Platform CRON[15750]: pam_unix(cron:session): session opened for user root(uid=0) by root(uid=0)
2026-04-14T04:35:01.321564+02:00 youssef-amr-VMware-Virtual-Platform CRON[15858]: pam_unix(cron:session): session opened for user root(uid=0) by root(uid=0)
2026-04-14T04:45:01.366521+02:00 youssef-amr-VMware-Virtual-Platform CRON[15965]: pam_unix(cron:session): session opened for user root(uid=0) by root(uid=0)
2026-04-14T04:55:01.411942+02:00 youssef-amr-VMware-Virtual-Platform CRON[16044]: pam_unix(cron:session): session opened for user root(uid=0) by root(uid=0)
2026-04-14T05:05:01.456618+02:00 youssef-amr-VMware-Virtual-Platform CRON[16128]: pam_unix(cron:session): session opened for user root(uid=0) by root(uid=0)
2026-04-14T05:15:01.501574+02:00 youssef-amr-VMware-Virtual-Platform CRON[16229]: pam_unix(cron:session): session opened for user root(uid=0) by root(uid=0)
2026-04-14T05:17:01.541442+02:00 youssef-amr-VMware-Virtual-Platform CRON[16269]: pam_unix(cron:session): session opened for user root(uid=0) by root(uid=0)
2026-04-14T05:25:01.584154+02:00 youssef-amr-VMware-Virtual-Platform CRON[16337]: pam_unix(cron:session): session opened for user root(uid=0) by root(uid=0)
2026-04-14T05:35:01.629828+02:00 youssef-amr-VMware-Virtual-Platform CRON[16418]: pam_unix(cron:session): session opened for user root(uid=0) by root(uid=0)
2026-04-14T05:45:01.676182+02:00 youssef-amr-VMware-Virtual-Platform CRON[16506]: pam_unix(cron:session): session opened for user root(uid=0) by root(uid=0)
2026-04-14T05:55:01.719554+02:00 youssef-amr-VMware-Virtual-Platform CRON[16607]: pam_unix(cron:session): session opened for user root(uid=0) by root(uid=0)
2026-04-14T12:21:31.712811+02:00 youssef-amr-VMware-Virtual-Platform gdm-launch-environment]: pam_unix(gdm-launch-environment:session): session opened for user gdm(uid=120) by (uid=0)
2026-04-14T12:21:31.773111+02:00 youssef-amr-VMware-Virtual-Platform (systemd): pam_unix(systemd-user:session): session opened for user gdm(uid=120) by gdm(uid=0)
2026-04-14T12:21:43.085311+02:00 youssef-amr-VMware-Virtual-Platform gdm-password]: pam_unix(gdm-password:session): session opened for user youssef-amr(uid=1000) by youssef-amr(uid=0)
2026-04-14T12:21:43.137389+02:00 youssef-amr-VMware-Virtual-Platform (systemd): pam_unix(systemd-user:session): session opened for user youssef-amr(uid=1000) by youssef-amr(uid=0)
2026-04-14T12:22:00.358481+02:00 youssef-amr-VMware-Virtual-Platform sudo: pam_unix(sudo:session): session opened for user root(uid=0) by youssef-amr(uid=1000)
2026-04-14T12:22:48.180231+02:00 youssef-amr-VMware-Virtual-Platform pkexec: pam_unix(polkit-1:session): session opened for user root(uid=0) by youssef-amr(uid=1000)
2026-04-14T12:22:58.476812+02:00 youssef-amr-VMware-Virtual-Platform sshd[4399]: pam_unix(sshd:session): session opened for user youssef-amr(uid=1000) by youssef-amr(uid=0)
2026-04-14T12:23:22.016738+02:00 youssef-amr-VMware-Virtual-Platform sshd[4564]: pam_unix(sshd:session): session opened for user youssef-amr(uid=1000) by youssef-amr(uid=0)
2026-04-14T12:25:01.546993+02:00 youssef-amr-VMware-Virtual-Platform CRON[4656]: pam_unix(cron:session): session opened for user root(uid=0) by root(uid=0)
2026-04-14T12:25:48.806655+02:00 youssef-amr-VMware-Virtual-Platform sudo: pam_unix(sudo:session): session opened for user root(uid=0) by youssef-amr(uid=1000)
2026-04-14T12:29:00.248849+02:00 youssef-amr-VMware-Virtual-Platform sshd[5494]: pam_unix(sshd:session): session opened for user youssef-amr(uid=1000) by youssef-amr(uid=0)
2026-04-14T12:30:01.558827+02:00 youssef-amr-VMware-Virtual-Platform CRON[5799]: pam_unix(cron:session): session opened for user root(uid=0) by root(uid=0)
2026-04-14T12:30:59.784823+02:00 youssef-amr-VMware-Virtual-Platform sudo: pam_unix(sudo:session): session opened for user root(uid=0) by youssef-amr(uid=1000)
2026-04-14T12:31:55.788047+02:00 youssef-amr-VMware-Virtual-Platform sshd[5837]: pam_unix(sshd:session): session opened for user youssef-amr(uid=1000) by youssef-amr(uid=0)
2026-04-14T12:32:07.656402+02:00 youssef-amr-VMware-Virtual-Platform sudo: pam_unix(sudo:session): session opened for user root(uid=0) by youssef-amr(uid=1000)
2026-04-14T12:32:24.024736+02:00 youssef-amr-VMware-Virtual-Platform sudo: pam_unix(sudo:session): session opened for user root(uid=0) by youssef-amr(uid=1000)
2026-04-14T12:32:48.919802+02:00 youssef-amr-VMware-Virtual-Platform sudo: pam_unix(sudo:session): session opened for user root(uid=0) by youssef-amr(uid=1000)
2026-04-14T12:35:01.571929+02:00 youssef-amr-VMware-Virtual-Platform CRON[6374]: pam_unix(cron:session): session opened for user root(uid=0) by root(uid=0)
2026-04-14T12:45:01.588661+02:00 youssef-amr-VMware-Virtual-Platform CRON[6424]: pam_unix(cron:session): session opened for user root(uid=0) by root(uid=0)
2026-04-14T12:48:58.625072+02:00 youssef-amr-VMware-Virtual-Platform sudo: pam_unix(sudo:session): session opened for user root(uid=0) by youssef-amr(uid=1000)
2026-04-14T12:49:07.419427+02:00 youssef-amr-VMware-Virtual-Platform sudo: pam_unix(sudo:session): session opened for user root(uid=0) by youssef-amr(uid=1000)
2026-04-14T12:51:03.582504+02:00 youssef-amr-VMware-Virtual-Platform sudo: pam_unix(sudo:session): session opened for user root(uid=0) by youssef-amr(uid=1000)
2026-04-14T12:55:01.606110+02:00 youssef-amr-VMware-Virtual-Platform CRON[6559]: pam_unix(cron:session): session opened for user root(uid=0) by root(uid=0)
2026-04-14T12:56:14.791706+02:00 youssef-amr-VMware-Virtual-Platform sudo: pam_unix(sudo:session): session opened for user root(uid=0) by youssef-amr(uid=1000)
2026-04-14T12:59:22.875392+02:00 youssef-amr-VMware-Virtual-Platform sudo: pam_unix(sudo:session): session opened for user root(uid=0) by youssef-amr(uid=1000)
2026-04-14T12:59:37.323615+02:00 youssef-amr-VMware-Virtual-Platform sudo: pam_unix(sudo:session): session opened for user root(uid=0) by youssef-amr(uid=1000)
2026-04-14T13:03:16.954199+02:00 youssef-amr-VMware-Virtual-Platform sudo: pam_unix(sudo:session): session opened for user root(uid=0) by youssef-amr(uid=1000)
2026-04-14T13:03:24.922072+02:00 youssef-amr-VMware-Virtual-Platform sudo: pam_unix(sudo:session): session opened for user root(uid=0) by youssef-amr(uid=1000)
2026-04-14T13:03:30.175240+02:00 youssef-amr-VMware-Virtual-Platform sudo: pam_unix(sudo:session): session opened for user root(uid=0) by youssef-amr(uid=1000)
2026-04-14T13:04:10.844937+02:00 youssef-amr-VMware-Virtual-Platform sudo: pam_unix(sudo:session): session opened for user root(uid=0) by youssef-amr(uid=1000)
2026-04-14T13:05:01.619763+02:00 youssef-amr-VMware-Virtual-Platform CRON[6687]: pam_unix(cron:session): session opened for user root(uid=0) by root(uid=0)
2026-04-14T13:11:48.956544+02:00 youssef-amr-VMware-Virtual-Platform sshd[6771]: pam_unix(sshd:session): session opened for user mamoun(uid=1002) by mamoun(uid=0)
2026-04-14T13:11:49.008953+02:00 youssef-amr-VMware-Virtual-Platform (systemd): pam_unix(systemd-user:session): session opened for user mamoun(uid=1002) by mamoun(uid=0)
2026-04-14T13:12:04.206063+02:00 youssef-amr-VMware-Virtual-Platform sudo: pam_unix(sudo:session): session opened for user root(uid=0) by youssef-amr(uid=1000)
2026-04-14T13:12:15.153590+02:00 youssef-amr-VMware-Virtual-Platform sudo: pam_unix(sudo:session): session opened for user root(uid=0) by youssef-amr(uid=1000)
2026-04-14T13:12:17.170166+02:00 youssef-amr-VMware-Virtual-Platform sudo: pam_unix(sudo:session): session opened for user root(uid=0) by youssef-amr(uid=1000)
2026-04-14T13:12:19.187506+02:00 youssef-amr-VMware-Virtual-Platform sudo: pam_unix(sudo:session): session opened for user root(uid=0) by youssef-amr(uid=1000)
2026-04-14T13:12:19.526193+02:00 youssef-amr-VMware-Virtual-Platform sudo: pam_unix(sudo:session): session opened for user root(uid=0) by mamoun(uid=1002)
2026-04-14T13:12:21.205848+02:00 youssef-amr-VMware-Virtual-Platform sudo: pam_unix(sudo:session): session opened for user root(uid=0) by youssef-amr(uid=1000)
2026-04-14T13:12:23.234385+02:00 youssef-amr-VMware-Virtual-Platform sudo: pam_unix(sudo:session): session opened for user root(uid=0) by youssef-amr(uid=1000)
2026-04-14T13:12:25.254894+02:00 youssef-amr-VMware-Virtual-Platform sudo: pam_unix(sudo:session): session opened for user root(uid=0) by youssef-amr(uid=1000)
2026-04-14T13:12:27.277051+02:00 youssef-amr-VMware-Virtual-Platform sudo: pam_unix(sudo:session): session opened for user root(uid=0) by youssef-amr(uid=1000)
2026-04-14T13:12:29.297275+02:00 youssef-amr-VMware-Virtual-Platform sudo: pam_unix(sudo:session): session opened for user root(uid=0) by youssef-amr(uid=1000)
2026-04-14T13:12:31.323235+02:00 youssef-amr-VMware-Virtual-Platform sudo: pam_unix(sudo:session): session opened for user root(uid=0) by youssef-amr(uid=1000)
2026-04-14T13:12:33.339053+02:00 youssef-amr-VMware-Virtual-Platform sudo: pam_unix(sudo:session): session opened for user root(uid=0) by youssef-amr(uid=1000)
2026-04-14T13:12:35.364015+02:00 youssef-amr-VMware-Virtual-Platform sudo: pam_unix(sudo:session): session opened for user root(uid=0) by youssef-amr(uid=1000)
2026-04-14T13:12:37.388638+02:00 youssef-amr-VMware-Virtual-Platform sudo: pam_unix(sudo:session): session opened for user root(uid=0) by youssef-amr(uid=1000)
2026-04-14T13:12:39.413417+02:00 youssef-amr-VMware-Virtual-Platform sudo: pam_unix(sudo:session): session opened for user root(uid=0) by youssef-amr(uid=1000)
2026-04-14T13:12:40.411957+02:00 youssef-amr-VMware-Virtual-Platform sudo: pam_unix(sudo:session): session opened for user root(uid=0) by youssef-amr(uid=1000)
2026-04-14T13:12:41.440007+02:00 youssef-amr-VMware-Virtual-Platform sudo: pam_unix(sudo:session): session opened for user root(uid=0) by youssef-amr(uid=1000)
2026-04-14T13:12:43.462055+02:00 youssef-amr-VMware-Virtual-Platform sudo: pam_unix(sudo:session): session opened for user root(uid=0) by youssef-amr(uid=1000)
2026-04-14T13:12:45.478611+02:00 youssef-amr-VMware-Virtual-Platform sudo: pam_unix(sudo:session): session opened for user root(uid=0) by youssef-amr(uid=1000)
2026-04-14T13:12:47.497928+02:00 youssef-amr-VMware-Virtual-Platform sudo: pam_unix(sudo:session): session opened for user root(uid=0) by youssef-amr(uid=1000)
2026-04-14T13:12:49.518670+02:00 youssef-amr-VMware-Virtual-Platform sudo: pam_unix(sudo:session): session opened for user root(uid=0) by youssef-amr(uid=1000)
2026-04-14T13:12:51.538515+02:00 youssef-amr-VMware-Virtual-Platform sudo: pam_unix(sudo:session): session opened for user root(uid=0) by youssef-amr(uid=1000)
2026-04-14T13:12:53.560403+02:00 youssef-amr-VMware-Virtual-Platform sudo: pam_unix(sudo:session): session opened for user root(uid=0) by youssef-amr(uid=1000)
2026-04-14T13:12:55.580965+02:00 youssef-amr-VMware-Virtual-Platform sudo: pam_unix(sudo:session): session opened for user root(uid=0) by youssef-amr(uid=1000)
2026-04-14T13:12:56.035982+02:00 youssef-amr-VMware-Virtual-Platform sudo: pam_unix(sudo:session): session opened for user root(uid=0) by youssef-amr(uid=1000)
2026-04-14T13:12:57.602147+02:00 youssef-amr-VMware-Virtual-Platform sudo: pam_unix(sudo:session): session opened for user root(uid=0) by youssef-amr(uid=1000)
2026-04-14T13:12:59.623937+02:00 youssef-amr-VMware-Virtual-Platform sudo: pam_unix(sudo:session): session opened for user root(uid=0) by youssef-amr(uid=1000)
2026-04-14T13:13:01.642461+02:00 youssef-amr-VMware-Virtual-Platform sudo: pam_unix(sudo:session): session opened for user root(uid=0) by youssef-amr(uid=1000)
2026-04-14T13:13:03.656148+02:00 youssef-amr-VMware-Virtual-Platform sudo: pam_unix(sudo:session): session opened for user root(uid=0) by youssef-amr(uid=1000)
2026-04-14T13:13:05.678993+02:00 youssef-amr-VMware-Virtual-Platform sudo: pam_unix(sudo:session): session opened for user root(uid=0) by youssef-amr(uid=1000)
2026-04-14T13:13:06.947756+02:00 youssef-amr-VMware-Virtual-Platform sudo: pam_unix(sudo:session): session opened for user root(uid=0) by youssef-amr(uid=1000)
2026-04-14T13:13:07.700553+02:00 youssef-amr-VMware-Virtual-Platform sudo: pam_unix(sudo:session): session opened for user root(uid=0) by youssef-amr(uid=1000)
2026-04-14T13:13:09.720351+02:00 youssef-amr-VMware-Virtual-Platform sudo: pam_unix(sudo:session): session opened for user root(uid=0) by youssef-amr(uid=1000)
2026-04-14T13:13:11.736172+02:00 youssef-amr-VMware-Virtual-Platform sudo: pam_unix(sudo:session): session opened for user root(uid=0) by youssef-amr(uid=1000)
2026-04-14T13:13:13.751999+02:00 youssef-amr-VMware-Virtual-Platform sudo: pam_unix(sudo:session): session opened for user root(uid=0) by youssef-amr(uid=1000)
2026-04-14T13:13:15.771182+02:00 youssef-amr-VMware-Virtual-Platform sudo: pam_unix(sudo:session): session opened for user root(uid=0) by youssef-amr(uid=1000)
2026-04-14T13:13:17.794581+02:00 youssef-amr-VMware-Virtual-Platform sudo: pam_unix(sudo:session): session opened for user root(uid=0) by youssef-amr(uid=1000)
2026-04-14T13:13:19.822438+02:00 youssef-amr-VMware-Virtual-Platform sudo: pam_unix(sudo:session): session opened for user root(uid=0) by youssef-amr(uid=1000)
2026-04-14T13:13:21.843919+02:00 youssef-amr-VMware-Virtual-Platform sudo: pam_unix(sudo:session): session opened for user root(uid=0) by youssef-amr(uid=1000)
2026-04-14T13:13:23.864235+02:00 youssef-amr-VMware-Virtual-Platform sudo: pam_unix(sudo:session): session opened for user root(uid=0) by youssef-amr(uid=1000)
2026-04-14T13:13:25.884405+02:00 youssef-amr-VMware-Virtual-Platform sudo: pam_unix(sudo:session): session opened for user root(uid=0) by youssef-amr(uid=1000)
2026-04-14T13:13:27.901818+02:00 youssef-amr-VMware-Virtual-Platform sudo: pam_unix(sudo:session): session opened for user root(uid=0) by youssef-amr(uid=1000)
2026-04-14T13:13:29.926026+02:00 youssef-amr-VMware-Virtual-Platform sudo: pam_unix(sudo:session): session opened for user root(uid=0) by youssef-amr(uid=1000)
2026-04-14T13:13:31.953156+02:00 youssef-amr-VMware-Virtual-Platform sudo: pam_unix(sudo:session): session opened for user root(uid=0) by youssef-amr(uid=1000)
2026-04-14T13:13:33.977146+02:00 youssef-amr-VMware-Virtual-Platform sudo: pam_unix(sudo:session): session opened for user root(uid=0) by youssef-amr(uid=1000)
2026-04-14T13:13:35.998334+02:00 youssef-amr-VMware-Virtual-Platform sudo: pam_unix(sudo:session): session opened for user root(uid=0) by youssef-amr(uid=1000)
2026-04-14T13:13:38.013943+02:00 youssef-amr-VMware-Virtual-Platform sudo: pam_unix(sudo:session): session opened for user root(uid=0) by youssef-amr(uid=1000)
2026-04-14T13:13:40.035465+02:00 youssef-amr-VMware-Virtual-Platform sudo: pam_unix(sudo:session): session opened for user root(uid=0) by youssef-amr(uid=1000)
2026-04-14T13:13:42.055940+02:00 youssef-amr-VMware-Virtual-Platform sudo: pam_unix(sudo:session): session opened for user root(uid=0) by youssef-amr(uid=1000)
2026-04-14T13:13:44.076330+02:00 youssef-amr-VMware-Virtual-Platform sudo: pam_unix(sudo:session): session opened for user root(uid=0) by youssef-amr(uid=1000)
2026-04-14T13:13:46.096848+02:00 youssef-amr-VMware-Virtual-Platform sudo: pam_unix(sudo:session): session opened for user root(uid=0) by youssef-amr(uid=1000)
2026-04-14T13:13:48.117489+02:00 youssef-amr-VMware-Virtual-Platform sudo: pam_unix(sudo:session): session opened for user root(uid=0) by youssef-amr(uid=1000)
2026-04-14T13:13:50.138005+02:00 youssef-amr-VMware-Virtual-Platform sudo: pam_unix(sudo:session): session opened for user root(uid=0) by youssef-amr(uid=1000)
2026-04-14T13:13:52.152497+02:00 youssef-amr-VMware-Virtual-Platform sudo: pam_unix(sudo:session): session opened for user root(uid=0) by youssef-amr(uid=1000)
2026-04-14T13:13:54.169744+02:00 youssef-amr-VMware-Virtual-Platform sudo: pam_unix(sudo:session): session opened for user root(uid=0) by youssef-amr(uid=1000)
2026-04-14T13:13:56.191711+02:00 youssef-amr-VMware-Virtual-Platform sudo: pam_unix(sudo:session): session opened for user root(uid=0) by youssef-amr(uid=1000)
2026-04-14T13:13:58.211577+02:00 youssef-amr-VMware-Virtual-Platform sudo: pam_unix(sudo:session): session opened for user root(uid=0) by youssef-amr(uid=1000)
2026-04-14T13:14:00.230307+02:00 youssef-amr-VMware-Virtual-Platform sudo: pam_unix(sudo:session): session opened for user root(uid=0) by youssef-amr(uid=1000)
2026-04-14T13:14:02.250932+02:00 youssef-amr-VMware-Virtual-Platform sudo: pam_unix(sudo:session): session opened for user root(uid=0) by youssef-amr(uid=1000)
2026-04-14T13:14:04.266264+02:00 youssef-amr-VMware-Virtual-Platform sudo: pam_unix(sudo:session): session opened for user root(uid=0) by youssef-amr(uid=1000)
2026-04-14T13:14:06.286944+02:00 youssef-amr-VMware-Virtual-Platform sudo: pam_unix(sudo:session): session opened for user root(uid=0) by youssef-amr(uid=1000)
2026-04-14T13:14:08.308153+02:00 youssef-amr-VMware-Virtual-Platform sudo: pam_unix(sudo:session): session opened for user root(uid=0) by youssef-amr(uid=1000)
2026-04-14T13:14:10.327419+02:00 youssef-amr-VMware-Virtual-Platform sudo: pam_unix(sudo:session): session opened for user root(uid=0) by youssef-amr(uid=1000)
2026-04-14T13:14:12.345862+02:00 youssef-amr-VMware-Virtual-Platform sudo: pam_unix(sudo:session): session opened for user root(uid=0) by youssef-amr(uid=1000)
2026-04-14T13:14:14.367825+02:00 youssef-amr-VMware-Virtual-Platform sudo: pam_unix(sudo:session): session opened for user root(uid=0) by youssef-amr(uid=1000)
2026-04-14T13:14:16.388386+02:00 youssef-amr-VMware-Virtual-Platform sudo: pam_unix(sudo:session): session opened for user root(uid=0) by youssef-amr(uid=1000)
2026-04-14T13:14:18.409540+02:00 youssef-amr-VMware-Virtual-Platform sudo: pam_unix(sudo:session): session opened for user root(uid=0) by youssef-amr(uid=1000)
2026-04-14T13:14:20.430231+02:00 youssef-amr-VMware-Virtual-Platform sudo: pam_unix(sudo:session): session opened for user root(uid=0) by youssef-amr(uid=1000)
2026-04-14T13:14:22.456481+02:00 youssef-amr-VMware-Virtual-Platform sudo: pam_unix(sudo:session): session opened for user root(uid=0) by youssef-amr(uid=1000)
2026-04-14T13:14:24.478120+02:00 youssef-amr-VMware-Virtual-Platform sudo: pam_unix(sudo:session): session opened for user root(uid=0) by youssef-amr(uid=1000)
2026-04-14T13:14:26.498856+02:00 youssef-amr-VMware-Virtual-Platform sudo: pam_unix(sudo:session): session opened for user root(uid=0) by youssef-amr(uid=1000)
2026-04-14T13:14:28.519790+02:00 youssef-amr-VMware-Virtual-Platform sudo: pam_unix(sudo:session): session opened for user root(uid=0) by youssef-amr(uid=1000)
2026-04-14T13:14:30.537819+02:00 youssef-amr-VMware-Virtual-Platform sudo: pam_unix(sudo:session): session opened for user root(uid=0) by youssef-amr(uid=1000)
2026-04-14T13:14:32.559742+02:00 youssef-amr-VMware-Virtual-Platform sudo: pam_unix(sudo:session): session opened for user root(uid=0) by youssef-amr(uid=1000)
2026-04-14T13:14:34.580700+02:00 youssef-amr-VMware-Virtual-Platform sudo: pam_unix(sudo:session): session opened for user root(uid=0) by youssef-amr(uid=1000)
2026-04-14T13:14:36.602284+02:00 youssef-amr-VMware-Virtual-Platform sudo: pam_unix(sudo:session): session opened for user root(uid=0) by youssef-amr(uid=1000)
2026-04-14T13:14:38.620724+02:00 youssef-amr-VMware-Virtual-Platform sudo: pam_unix(sudo:session): session opened for user root(uid=0) by youssef-amr(uid=1000)
2026-04-14T13:14:40.641928+02:00 youssef-amr-VMware-Virtual-Platform sudo: pam_unix(sudo:session): session opened for user root(uid=0) by youssef-amr(uid=1000)
2026-04-14T13:14:42.662570+02:00 youssef-amr-VMware-Virtual-Platform sudo: pam_unix(sudo:session): session opened for user root(uid=0) by youssef-amr(uid=1000)
2026-04-14T13:14:44.677506+02:00 youssef-amr-VMware-Virtual-Platform sudo: pam_unix(sudo:session): session opened for user root(uid=0) by youssef-amr(uid=1000)
2026-04-14T13:14:46.699816+02:00 youssef-amr-VMware-Virtual-Platform sudo: pam_unix(sudo:session): session opened for user root(uid=0) by youssef-amr(uid=1000)
2026-04-14T13:14:48.715601+02:00 youssef-amr-VMware-Virtual-Platform sudo: pam_unix(sudo:session): session opened for user root(uid=0) by youssef-amr(uid=1000)
2026-04-14T13:14:50.730710+02:00 youssef-amr-VMware-Virtual-Platform sudo: pam_unix(sudo:session): session opened for user root(uid=0) by youssef-amr(uid=1000)
2026-04-14T13:14:52.744984+02:00 youssef-amr-VMware-Virtual-Platform sudo: pam_unix(sudo:session): session opened for user root(uid=0) by youssef-amr(uid=1000)
2026-04-14T13:14:54.762464+02:00 youssef-amr-VMware-Virtual-Platform sudo: pam_unix(sudo:session): session opened for user root(uid=0) by youssef-amr(uid=1000)
2026-04-14T13:14:56.784078+02:00 youssef-amr-VMware-Virtual-Platform sudo: pam_unix(sudo:session): session opened for user root(uid=0) by youssef-amr(uid=1000)
2026-04-14T13:14:58.804609+02:00 youssef-amr-VMware-Virtual-Platform sudo: pam_unix(sudo:session): session opened for user root(uid=0) by youssef-amr(uid=1000)
2026-04-14T13:15:00.826487+02:00 youssef-amr-VMware-Virtual-Platform sudo: pam_unix(sudo:session): session opened for user root(uid=0) by youssef-amr(uid=1000)
2026-04-14T13:15:01.638289+02:00 youssef-amr-VMware-Virtual-Platform CRON[7603]: pam_unix(cron:session): session opened for user root(uid=0) by root(uid=0)
2026-04-14T13:15:02.843454+02:00 youssef-amr-VMware-Virtual-Platform sudo: pam_unix(sudo:session): session opened for user root(uid=0) by youssef-amr(uid=1000)
2026-04-14T13:15:04.862774+02:00 youssef-amr-VMware-Virtual-Platform sudo: pam_unix(sudo:session): session opened for user root(uid=0) by youssef-amr(uid=1000)
2026-04-14T13:15:06.885009+02:00 youssef-amr-VMware-Virtual-Platform sudo: pam_unix(sudo:session): session opened for user root(uid=0) by youssef-amr(uid=1000)
2026-04-14T13:15:08.903805+02:00 youssef-amr-VMware-Virtual-Platform sudo: pam_unix(sudo:session): session opened for user root(uid=0) by youssef-amr(uid=1000)
2026-04-14T13:15:10.919771+02:00 youssef-amr-VMware-Virtual-Platform sudo: pam_unix(sudo:session): session opened for user root(uid=0) by youssef-amr(uid=1000)
2026-04-14T13:15:12.959233+02:00 youssef-amr-VMware-Virtual-Platform sudo: pam_unix(sudo:session): session opened for user root(uid=0) by youssef-amr(uid=1000)
2026-04-14T13:15:13.504121+02:00 youssef-amr-VMware-Virtual-Platform sudo: pam_unix(sudo:session): session opened for user root(uid=0) by youssef-amr(uid=1000)
2026-04-14T13:15:14.991525+02:00 youssef-amr-VMware-Virtual-Platform sudo: pam_unix(sudo:session): session opened for user root(uid=0) by youssef-amr(uid=1000)
2026-04-14T13:15:17.018494+02:00 youssef-amr-VMware-Virtual-Platform sudo: pam_unix(sudo:session): session opened for user root(uid=0) by youssef-amr(uid=1000)
2026-04-14T13:15:19.038474+02:00 youssef-amr-VMware-Virtual-Platform sudo: pam_unix(sudo:session): session opened for user root(uid=0) by youssef-amr(uid=1000)
2026-04-14T13:15:21.066592+02:00 youssef-amr-VMware-Virtual-Platform sudo: pam_unix(sudo:session): session opened for user root(uid=0) by youssef-amr(uid=1000)
2026-04-14T13:15:23.081692+02:00 youssef-amr-VMware-Virtual-Platform sudo: pam_unix(sudo:session): session opened for user root(uid=0) by youssef-amr(uid=1000)
2026-04-14T13:15:25.102402+02:00 youssef-amr-VMware-Virtual-Platform sudo: pam_unix(sudo:session): session opened for user root(uid=0) by youssef-amr(uid=1000)
2026-04-14T13:15:27.123844+02:00 youssef-amr-VMware-Virtual-Platform sudo: pam_unix(sudo:session): session opened for user root(uid=0) by youssef-amr(uid=1000)
2026-04-14T13:15:29.144592+02:00 youssef-amr-VMware-Virtual-Platform sudo: pam_unix(sudo:session): session opened for user root(uid=0) by youssef-amr(uid=1000)
2026-04-14T13:15:31.161066+02:00 youssef-amr-VMware-Virtual-Platform sudo: pam_unix(sudo:session): session opened for user root(uid=0) by youssef-amr(uid=1000)
2026-04-14T13:15:33.179891+02:00 youssef-amr-VMware-Virtual-Platform sudo: pam_unix(sudo:session): session opened for user root(uid=0) by youssef-amr(uid=1000)
2026-04-14T13:15:35.199182+02:00 youssef-amr-VMware-Virtual-Platform sudo: pam_unix(sudo:session): session opened for user root(uid=0) by youssef-amr(uid=1000)
2026-04-14T13:15:37.230694+02:00 youssef-amr-VMware-Virtual-Platform sudo: pam_unix(sudo:session): session opened for user root(uid=0) by youssef-amr(uid=1000)
2026-04-14T13:15:39.254101+02:00 youssef-amr-VMware-Virtual-Platform sudo: pam_unix(sudo:session): session opened for user root(uid=0) by youssef-amr(uid=1000)
2026-04-14T13:15:41.275412+02:00 youssef-amr-VMware-Virtual-Platform sudo: pam_unix(sudo:session): session opened for user root(uid=0) by youssef-amr(uid=1000)
2026-04-14T13:15:43.291748+02:00 youssef-amr-VMware-Virtual-Platform sudo: pam_unix(sudo:session): session opened for user root(uid=0) by youssef-amr(uid=1000)
2026-04-14T13:15:45.317929+02:00 youssef-amr-VMware-Virtual-Platform sudo: pam_unix(sudo:session): session opened for user root(uid=0) by youssef-amr(uid=1000)
2026-04-14T13:15:47.339757+02:00 youssef-amr-VMware-Virtual-Platform sudo: pam_unix(sudo:session): session opened for user root(uid=0) by youssef-amr(uid=1000)
2026-04-14T13:15:49.361985+02:00 youssef-amr-VMware-Virtual-Platform sudo: pam_unix(sudo:session): session opened for user root(uid=0) by youssef-amr(uid=1000)
2026-04-14T13:15:51.383483+02:00 youssef-amr-VMware-Virtual-Platform sudo: pam_unix(sudo:session): session opened for user root(uid=0) by youssef-amr(uid=1000)
2026-04-14T13:15:53.404805+02:00 youssef-amr-VMware-Virtual-Platform sudo: pam_unix(sudo:session): session opened for user root(uid=0) by youssef-amr(uid=1000)
2026-04-14T13:15:55.426116+02:00 youssef-amr-VMware-Virtual-Platform sudo: pam_unix(sudo:session): session opened for user root(uid=0) by youssef-amr(uid=1000)
2026-04-14T13:15:57.451936+02:00 youssef-amr-VMware-Virtual-Platform sudo: pam_unix(sudo:session): session opened for user root(uid=0) by youssef-amr(uid=1000)
2026-04-14T13:15:59.473027+02:00 youssef-amr-VMware-Virtual-Platform sudo: pam_unix(sudo:session): session opened for user root(uid=0) by youssef-amr(uid=1000)
2026-04-14T13:16:01.493881+02:00 youssef-amr-VMware-Virtual-Platform sudo: pam_unix(sudo:session): session opened for user root(uid=0) by youssef-amr(uid=1000)
2026-04-14T13:16:03.511672+02:00 youssef-amr-VMware-Virtual-Platform sudo: pam_unix(sudo:session): session opened for user root(uid=0) by youssef-amr(uid=1000)
2026-04-14T13:16:05.532020+02:00 youssef-amr-VMware-Virtual-Platform sudo: pam_unix(sudo:session): session opened for user root(uid=0) by youssef-amr(uid=1000)
2026-04-14T13:16:07.553291+02:00 youssef-amr-VMware-Virtual-Platform sudo: pam_unix(sudo:session): session opened for user root(uid=0) by youssef-amr(uid=1000)
2026-04-14T13:16:09.574216+02:00 youssef-amr-VMware-Virtual-Platform sudo: pam_unix(sudo:session): session opened for user root(uid=0) by youssef-amr(uid=1000)
2026-04-14T13:16:11.595119+02:00 youssef-amr-VMware-Virtual-Platform sudo: pam_unix(sudo:session): session opened for user root(uid=0) by youssef-amr(uid=1000)
2026-04-14T13:16:13.616525+02:00 youssef-amr-VMware-Virtual-Platform sudo: pam_unix(sudo:session): session opened for user root(uid=0) by youssef-amr(uid=1000)
2026-04-14T13:16:15.637885+02:00 youssef-amr-VMware-Virtual-Platform sudo: pam_unix(sudo:session): session opened for user root(uid=0) by youssef-amr(uid=1000)
2026-04-14T13:16:17.658021+02:00 youssef-amr-VMware-Virtual-Platform sudo: pam_unix(sudo:session): session opened for user root(uid=0) by youssef-amr(uid=1000)
2026-04-14T13:16:19.678677+02:00 youssef-amr-VMware-Virtual-Platform sudo: pam_unix(sudo:session): session opened for user root(uid=0) by youssef-amr(uid=1000)
2026-04-14T13:16:21.705028+02:00 youssef-amr-VMware-Virtual-Platform sudo: pam_unix(sudo:session): session opened for user root(uid=0) by youssef-amr(uid=1000)
2026-04-14T13:16:23.730930+02:00 youssef-amr-VMware-Virtual-Platform sudo: pam_unix(sudo:session): session opened for user root(uid=0) by youssef-amr(uid=1000)
2026-04-14T13:16:25.748877+02:00 youssef-amr-VMware-Virtual-Platform sudo: pam_unix(sudo:session): session opened for user root(uid=0) by youssef-amr(uid=1000)
2026-04-14T13:16:27.768683+02:00 youssef-amr-VMware-Virtual-Platform sudo: pam_unix(sudo:session): session opened for user root(uid=0) by youssef-amr(uid=1000)
2026-04-14T13:16:29.784158+02:00 youssef-amr-VMware-Virtual-Platform sudo: pam_unix(sudo:session): session opened for user root(uid=0) by youssef-amr(uid=1000)
2026-04-14T13:16:31.804984+02:00 youssef-amr-VMware-Virtual-Platform sudo: pam_unix(sudo:session): session opened for user root(uid=0) by youssef-amr(uid=1000)
2026-04-14T13:16:33.826647+02:00 youssef-amr-VMware-Virtual-Platform sudo: pam_unix(sudo:session): session opened for user root(uid=0) by youssef-amr(uid=1000)
2026-04-14T13:16:35.842672+02:00 youssef-amr-VMware-Virtual-Platform sudo: pam_unix(sudo:session): session opened for user root(uid=0) by youssef-amr(uid=1000)
2026-04-14T13:16:37.863509+02:00 youssef-amr-VMware-Virtual-Platform sudo: pam_unix(sudo:session): session opened for user root(uid=0) by youssef-amr(uid=1000)
2026-04-14T13:16:39.884892+02:00 youssef-amr-VMware-Virtual-Platform sudo: pam_unix(sudo:session): session opened for user root(uid=0) by youssef-amr(uid=1000)
2026-04-14T13:16:41.906244+02:00 youssef-amr-VMware-Virtual-Platform sudo: pam_unix(sudo:session): session opened for user root(uid=0) by youssef-amr(uid=1000)
2026-04-14T13:16:43.927555+02:00 youssef-amr-VMware-Virtual-Platform sudo: pam_unix(sudo:session): session opened for user root(uid=0) by youssef-amr(uid=1000)
2026-04-14T13:16:45.944885+02:00 youssef-amr-VMware-Virtual-Platform sudo: pam_unix(sudo:session): session opened for user root(uid=0) by youssef-amr(uid=1000)
2026-04-14T13:16:47.961738+02:00 youssef-amr-VMware-Virtual-Platform sudo: pam_unix(sudo:session): session opened for user root(uid=0) by youssef-amr(uid=1000)
2026-04-14T13:16:49.983523+02:00 youssef-amr-VMware-Virtual-Platform sudo: pam_unix(sudo:session): session opened for user root(uid=0) by youssef-amr(uid=1000)
2026-04-14T13:16:52.004590+02:00 youssef-amr-VMware-Virtual-Platform sudo: pam_unix(sudo:session): session opened for user root(uid=0) by youssef-amr(uid=1000)
2026-04-14T13:16:54.024590+02:00 youssef-amr-VMware-Virtual-Platform sudo: pam_unix(sudo:session): session opened for user root(uid=0) by youssef-amr(uid=1000)
2026-04-14T13:16:56.046067+02:00 youssef-amr-VMware-Virtual-Platform sudo: pam_unix(sudo:session): session opened for user root(uid=0) by youssef-amr(uid=1000)
2026-04-14T13:16:58.066747+02:00 youssef-amr-VMware-Virtual-Platform sudo: pam_unix(sudo:session): session opened for user root(uid=0) by youssef-amr(uid=1000)
2026-04-14T13:17:00.087415+02:00 youssef-amr-VMware-Virtual-Platform sudo: pam_unix(sudo:session): session opened for user root(uid=0) by youssef-amr(uid=1000)
2026-04-14T13:17:01.653491+02:00 youssef-amr-VMware-Virtual-Platform CRON[8033]: pam_unix(cron:session): session opened for user root(uid=0) by root(uid=0)
2026-04-14T13:17:02.104779+02:00 youssef-amr-VMware-Virtual-Platform sudo: pam_unix(sudo:session): session opened for user root(uid=0) by youssef-amr(uid=1000)
2026-04-14T13:17:04.118978+02:00 youssef-amr-VMware-Virtual-Platform sudo: pam_unix(sudo:session): session opened for user root(uid=0) by youssef-amr(uid=1000)
2026-04-14T13:17:06.142827+02:00 youssef-amr-VMware-Virtual-Platform sudo: pam_unix(sudo:session): session opened for user root(uid=0) by youssef-amr(uid=1000)
2026-04-14T13:17:08.160420+02:00 youssef-amr-VMware-Virtual-Platform sudo: pam_unix(sudo:session): session opened for user root(uid=0) by youssef-amr(uid=1000)
2026-04-14T13:17:10.176612+02:00 youssef-amr-VMware-Virtual-Platform sudo: pam_unix(sudo:session): session opened for user root(uid=0) by youssef-amr(uid=1000)
2026-04-14T13:17:12.204483+02:00 youssef-amr-VMware-Virtual-Platform sudo: pam_unix(sudo:session): session opened for user root(uid=0) by youssef-amr(uid=1000)
2026-04-14T13:17:14.225485+02:00 youssef-amr-VMware-Virtual-Platform sudo: pam_unix(sudo:session): session opened for user root(uid=0) by youssef-amr(uid=1000)
2026-04-14T13:17:16.240924+02:00 youssef-amr-VMware-Virtual-Platform sudo: pam_unix(sudo:session): session opened for user root(uid=0) by youssef-amr(uid=1000)
2026-04-14T13:17:18.261868+02:00 youssef-amr-VMware-Virtual-Platform sudo: pam_unix(sudo:session): session opened for user root(uid=0) by youssef-amr(uid=1000)
2026-04-14T13:17:20.279093+02:00 youssef-amr-VMware-Virtual-Platform sudo: pam_unix(sudo:session): session opened for user root(uid=0) by youssef-amr(uid=1000)
2026-04-14T13:17:22.300743+02:00 youssef-amr-VMware-Virtual-Platform sudo: pam_unix(sudo:session): session opened for user root(uid=0) by youssef-amr(uid=1000)
2026-04-14T13:17:24.321061+02:00 youssef-amr-VMware-Virtual-Platform sudo: pam_unix(sudo:session): session opened for user root(uid=0) by youssef-amr(uid=1000)
2026-04-14T13:17:26.336782+02:00 youssef-amr-VMware-Virtual-Platform sudo: pam_unix(sudo:session): session opened for user root(uid=0) by youssef-amr(uid=1000)
2026-04-14T13:17:28.353932+02:00 youssef-amr-VMware-Virtual-Platform sudo: pam_unix(sudo:session): session opened for user root(uid=0) by youssef-amr(uid=1000)
2026-04-14T13:17:30.374473+02:00 youssef-amr-VMware-Virtual-Platform sudo: pam_unix(sudo:session): session opened for user root(uid=0) by youssef-amr(uid=1000)
2026-04-14T13:17:32.395758+02:00 youssef-amr-VMware-Virtual-Platform sudo: pam_unix(sudo:session): session opened for user root(uid=0) by youssef-amr(uid=1000)
2026-04-14T13:17:34.422199+02:00 youssef-amr-VMware-Virtual-Platform sudo: pam_unix(sudo:session): session opened for user root(uid=0) by youssef-amr(uid=1000)
2026-04-14T13:17:36.443048+02:00 youssef-amr-VMware-Virtual-Platform sudo: pam_unix(sudo:session): session opened for user root(uid=0) by youssef-amr(uid=1000)
2026-04-14T13:17:38.464816+02:00 youssef-amr-VMware-Virtual-Platform sudo: pam_unix(sudo:session): session opened for user root(uid=0) by youssef-amr(uid=1000)
2026-04-14T13:17:40.491134+02:00 youssef-amr-VMware-Virtual-Platform sudo: pam_unix(sudo:session): session opened for user root(uid=0) by youssef-amr(uid=1000)
2026-04-14T13:17:42.507979+02:00 youssef-amr-VMware-Virtual-Platform sudo: pam_unix(sudo:session): session opened for user root(uid=0) by youssef-amr(uid=1000)
2026-04-14T13:17:44.528378+02:00 youssef-amr-VMware-Virtual-Platform sudo: pam_unix(sudo:session): session opened for user root(uid=0) by youssef-amr(uid=1000)
2026-04-14T13:17:46.553598+02:00 youssef-amr-VMware-Virtual-Platform sudo: pam_unix(sudo:session): session opened for user root(uid=0) by youssef-amr(uid=1000)
2026-04-14T13:17:48.579753+02:00 youssef-amr-VMware-Virtual-Platform sudo: pam_unix(sudo:session): session opened for user root(uid=0) by youssef-amr(uid=1000)
2026-04-14T13:17:50.600685+02:00 youssef-amr-VMware-Virtual-Platform sudo: pam_unix(sudo:session): session opened for user root(uid=0) by youssef-amr(uid=1000)
2026-04-14T13:17:52.626457+02:00 youssef-amr-VMware-Virtual-Platform sudo: pam_unix(sudo:session): session opened for user root(uid=0) by youssef-amr(uid=1000)
2026-04-14T13:17:54.648104+02:00 youssef-amr-VMware-Virtual-Platform sudo: pam_unix(sudo:session): session opened for user root(uid=0) by youssef-amr(uid=1000)
2026-04-14T13:17:56.668625+02:00 youssef-amr-VMware-Virtual-Platform sudo: pam_unix(sudo:session): session opened for user root(uid=0) by youssef-amr(uid=1000)
2026-04-14T13:17:58.689001+02:00 youssef-amr-VMware-Virtual-Platform sudo: pam_unix(sudo:session): session opened for user root(uid=0) by youssef-amr(uid=1000)
2026-04-14T13:18:00.707485+02:00 youssef-amr-VMware-Virtual-Platform sudo: pam_unix(sudo:session): session opened for user root(uid=0) by youssef-amr(uid=1000)
2026-04-14T13:18:02.735770+02:00 youssef-amr-VMware-Virtual-Platform sudo: pam_unix(sudo:session): session opened for user root(uid=0) by youssef-amr(uid=1000)
2026-04-14T13:18:04.756010+02:00 youssef-amr-VMware-Virtual-Platform sudo: pam_unix(sudo:session): session opened for user root(uid=0) by youssef-amr(uid=1000)
2026-04-14T13:18:06.771183+02:00 youssef-amr-VMware-Virtual-Platform sudo: pam_unix(sudo:session): session opened for user root(uid=0) by youssef-amr(uid=1000)
2026-04-14T13:18:08.791338+02:00 youssef-amr-VMware-Virtual-Platform sudo: pam_unix(sudo:session): session opened for user root(uid=0) by youssef-amr(uid=1000)
2026-04-14T13:18:10.811834+02:00 youssef-amr-VMware-Virtual-Platform sudo: pam_unix(sudo:session): session opened for user root(uid=0) by youssef-amr(uid=1000)
2026-04-14T13:18:12.828923+02:00 youssef-amr-VMware-Virtual-Platform sudo: pam_unix(sudo:session): session opened for user root(uid=0) by youssef-amr(uid=1000)
2026-04-14T13:18:14.850154+02:00 youssef-amr-VMware-Virtual-Platform sudo: pam_unix(sudo:session): session opened for user root(uid=0) by youssef-amr(uid=1000)
2026-04-14T13:18:16.870840+02:00 youssef-amr-VMware-Virtual-Platform sudo: pam_unix(sudo:session): session opened for user root(uid=0) by youssef-amr(uid=1000)
2026-04-14T13:18:18.891482+02:00 youssef-amr-VMware-Virtual-Platform sudo: pam_unix(sudo:session): session opened for user root(uid=0) by youssef-amr(uid=1000)
2026-04-14T13:18:20.913427+02:00 youssef-amr-VMware-Virtual-Platform sudo: pam_unix(sudo:session): session opened for user root(uid=0) by youssef-amr(uid=1000)
2026-04-14T13:18:22.951171+02:00 youssef-amr-VMware-Virtual-Platform sudo: pam_unix(sudo:session): session opened for user root(uid=0) by youssef-amr(uid=1000)
2026-04-14T13:18:24.970604+02:00 youssef-amr-VMware-Virtual-Platform sudo: pam_unix(sudo:session): session opened for user root(uid=0) by youssef-amr(uid=1000)
2026-04-14T13:18:26.985641+02:00 youssef-amr-VMware-Virtual-Platform sudo: pam_unix(sudo:session): session opened for user root(uid=0) by youssef-amr(uid=1000)
2026-04-14T13:18:29.014898+02:00 youssef-amr-VMware-Virtual-Platform sudo: pam_unix(sudo:session): session opened for user root(uid=0) by youssef-amr(uid=1000)
2026-04-14T13:18:31.037150+02:00 youssef-amr-VMware-Virtual-Platform sudo: pam_unix(sudo:session): session opened for user root(uid=0) by youssef-amr(uid=1000)
2026-04-14T13:18:33.052056+02:00 youssef-amr-VMware-Virtual-Platform sudo: pam_unix(sudo:session): session opened for user root(uid=0) by youssef-amr(uid=1000)
2026-04-14T13:18:35.073194+02:00 youssef-amr-VMware-Virtual-Platform sudo: pam_unix(sudo:session): session opened for user root(uid=0) by youssef-amr(uid=1000)
2026-04-14T13:18:37.096226+02:00 youssef-amr-VMware-Virtual-Platform sudo: pam_unix(sudo:session): session opened for user root(uid=0) by youssef-amr(uid=1000)
2026-04-14T13:18:39.124698+02:00 youssef-amr-VMware-Virtual-Platform sudo: pam_unix(sudo:session): session opened for user root(uid=0) by youssef-amr(uid=1000)
2026-04-14T13:18:41.143526+02:00 youssef-amr-VMware-Virtual-Platform sudo: pam_unix(sudo:session): session opened for user root(uid=0) by youssef-amr(uid=1000)
2026-04-14T13:18:49.473360+02:00 youssef-amr-VMware-Virtual-Platform sudo: pam_unix(sudo:session): session opened for user root(uid=0) by youssef-amr(uid=1000)
2026-04-14T13:18:51.489082+02:00 youssef-amr-VMware-Virtual-Platform sudo: pam_unix(sudo:session): session opened for user root(uid=0) by youssef-amr(uid=1000)
2026-04-14T13:18:53.509765+02:00 youssef-amr-VMware-Virtual-Platform sudo: pam_unix(sudo:session): session opened for user root(uid=0) by youssef-amr(uid=1000)
2026-04-14T13:18:55.536837+02:00 youssef-amr-VMware-Virtual-Platform sudo: pam_unix(sudo:session): session opened for user root(uid=0) by youssef-amr(uid=1000)
2026-04-14T13:18:57.570764+02:00 youssef-amr-VMware-Virtual-Platform sudo: pam_unix(sudo:session): session opened for user root(uid=0) by youssef-amr(uid=1000)
2026-04-14T13:18:59.589981+02:00 youssef-amr-VMware-Virtual-Platform sudo: pam_unix(sudo:session): session opened for user root(uid=0) by youssef-amr(uid=1000)
2026-04-14T13:19:01.624592+02:00 youssef-amr-VMware-Virtual-Platform sudo: pam_unix(sudo:session): session opened for user root(uid=0) by youssef-amr(uid=1000)
2026-04-14T13:19:03.648480+02:00 youssef-amr-VMware-Virtual-Platform sudo: pam_unix(sudo:session): session opened for user root(uid=0) by youssef-amr(uid=1000)
2026-04-14T13:19:05.663228+02:00 youssef-amr-VMware-Virtual-Platform sudo: pam_unix(sudo:session): session opened for user root(uid=0) by youssef-amr(uid=1000)
2026-04-14T13:19:07.688732+02:00 youssef-amr-VMware-Virtual-Platform sudo: pam_unix(sudo:session): session opened for user root(uid=0) by youssef-amr(uid=1000)
2026-04-14T13:19:09.705903+02:00 youssef-amr-VMware-Virtual-Platform sudo: pam_unix(sudo:session): session opened for user root(uid=0) by youssef-amr(uid=1000)
2026-04-14T13:19:11.724119+02:00 youssef-amr-VMware-Virtual-Platform sudo: pam_unix(sudo:session): session opened for user root(uid=0) by youssef-amr(uid=1000)
2026-04-14T13:19:13.740980+02:00 youssef-amr-VMware-Virtual-Platform sudo: pam_unix(sudo:session): session opened for user root(uid=0) by youssef-amr(uid=1000)
2026-04-14T13:19:15.763237+02:00 youssef-amr-VMware-Virtual-Platform sudo: pam_unix(sudo:session): session opened for user root(uid=0) by youssef-amr(uid=1000)
2026-04-14T13:19:17.779358+02:00 youssef-amr-VMware-Virtual-Platform sudo: pam_unix(sudo:session): session opened for user root(uid=0) by youssef-amr(uid=1000)
2026-04-14T13:19:19.795497+02:00 youssef-amr-VMware-Virtual-Platform sudo: pam_unix(sudo:session): session opened for user root(uid=0) by youssef-amr(uid=1000)
2026-04-14T13:19:21.810776+02:00 youssef-amr-VMware-Virtual-Platform sudo: pam_unix(sudo:session): session opened for user root(uid=0) by youssef-amr(uid=1000)
2026-04-14T13:19:23.842959+02:00 youssef-amr-VMware-Virtual-Platform sudo: pam_unix(sudo:session): session opened for user root(uid=0) by youssef-amr(uid=1000)
2026-04-14T13:19:25.866143+02:00 youssef-amr-VMware-Virtual-Platform sudo: pam_unix(sudo:session): session opened for user root(uid=0) by youssef-amr(uid=1000)
2026-04-14T13:19:27.882137+02:00 youssef-amr-VMware-Virtual-Platform sudo: pam_unix(sudo:session): session opened for user root(uid=0) by youssef-amr(uid=1000)
2026-04-14T13:19:29.897554+02:00 youssef-amr-VMware-Virtual-Platform sudo: pam_unix(sudo:session): session opened for user root(uid=0) by youssef-amr(uid=1000)
2026-04-14T13:19:31.917650+02:00 youssef-amr-VMware-Virtual-Platform sudo: pam_unix(sudo:session): session opened for user root(uid=0) by youssef-amr(uid=1000)
2026-04-14T13:19:33.934518+02:00 youssef-amr-VMware-Virtual-Platform sudo: pam_unix(sudo:session): session opened for user root(uid=0) by youssef-amr(uid=1000)
2026-04-14T13:19:35.962693+02:00 youssef-amr-VMware-Virtual-Platform sudo: pam_unix(sudo:session): session opened for user root(uid=0) by youssef-amr(uid=1000)
2026-04-14T13:19:37.986877+02:00 youssef-amr-VMware-Virtual-Platform sudo: pam_unix(sudo:session): session opened for user root(uid=0) by youssef-amr(uid=1000)
2026-04-14T13:19:40.005004+02:00 youssef-amr-VMware-Virtual-Platform sudo: pam_unix(sudo:session): session opened for user root(uid=0) by youssef-amr(uid=1000)
2026-04-14T13:19:42.019586+02:00 youssef-amr-VMware-Virtual-Platform sudo: pam_unix(sudo:session): session opened for user root(uid=0) by youssef-amr(uid=1000)
2026-04-14T13:19:44.038419+02:00 youssef-amr-VMware-Virtual-Platform sudo: pam_unix(sudo:session): session opened for user root(uid=0) by youssef-amr(uid=1000)
2026-04-14T13:19:46.060330+02:00 youssef-amr-VMware-Virtual-Platform sudo: pam_unix(sudo:session): session opened for user root(uid=0) by youssef-amr(uid=1000)
2026-04-14T13:19:48.081542+02:00 youssef-amr-VMware-Virtual-Platform sudo: pam_unix(sudo:session): session opened for user root(uid=0) by youssef-amr(uid=1000)
2026-04-14T13:19:50.103023+02:00 youssef-amr-VMware-Virtual-Platform sudo: pam_unix(sudo:session): session opened for user root(uid=0) by youssef-amr(uid=1000)
2026-04-14T13:19:52.130736+02:00 youssef-amr-VMware-Virtual-Platform sudo: pam_unix(sudo:session): session opened for user root(uid=0) by youssef-amr(uid=1000)
2026-04-14T13:19:54.149989+02:00 youssef-amr-VMware-Virtual-Platform sudo: pam_unix(sudo:session): session opened for user root(uid=0) by youssef-amr(uid=1000)
2026-04-14T13:19:56.165726+02:00 youssef-amr-VMware-Virtual-Platform sudo: pam_unix(sudo:session): session opened for user root(uid=0) by youssef-amr(uid=1000)
2026-04-14T13:19:58.182087+02:00 youssef-amr-VMware-Virtual-Platform sudo: pam_unix(sudo:session): session opened for user root(uid=0) by youssef-amr(uid=1000)
2026-04-14T13:20:00.199593+02:00 youssef-amr-VMware-Virtual-Platform sudo: pam_unix(sudo:session): session opened for user root(uid=0) by youssef-amr(uid=1000)
2026-04-14T13:20:02.214691+02:00 youssef-amr-VMware-Virtual-Platform sudo: pam_unix(sudo:session): session opened for user root(uid=0) by youssef-amr(uid=1000)
2026-04-14T13:20:04.229942+02:00 youssef-amr-VMware-Virtual-Platform sudo: pam_unix(sudo:session): session opened for user root(uid=0) by youssef-amr(uid=1000)
2026-04-14T13:20:06.247492+02:00 youssef-amr-VMware-Virtual-Platform sudo: pam_unix(sudo:session): session opened for user root(uid=0) by youssef-amr(uid=1000)
2026-04-14T13:20:08.263643+02:00 youssef-amr-VMware-Virtual-Platform sudo: pam_unix(sudo:session): session opened for user root(uid=0) by youssef-amr(uid=1000)
2026-04-14T13:20:10.280746+02:00 youssef-amr-VMware-Virtual-Platform sudo: pam_unix(sudo:session): session opened for user root(uid=0) by youssef-amr(uid=1000)
2026-04-14T13:20:12.297655+02:00 youssef-amr-VMware-Virtual-Platform sudo: pam_unix(sudo:session): session opened for user root(uid=0) by youssef-amr(uid=1000)
2026-04-14T13:20:14.317570+02:00 youssef-amr-VMware-Virtual-Platform sudo: pam_unix(sudo:session): session opened for user root(uid=0) by youssef-amr(uid=1000)
2026-04-14T13:20:16.344838+02:00 youssef-amr-VMware-Virtual-Platform sudo: pam_unix(sudo:session): session opened for user root(uid=0) by youssef-amr(uid=1000)
2026-04-14T13:20:19.381492+02:00 youssef-amr-VMware-Virtual-Platform sudo: pam_unix(sudo:session): session opened for user root(uid=0) by youssef-amr(uid=1000)
2026-04-14T13:20:51.010569+02:00 youssef-amr-VMware-Virtual-Platform sudo: pam_unix(sudo:session): session opened for user root(uid=0) by youssef-amr(uid=1000)
2026-04-14T13:21:51.025935+02:00 youssef-amr-VMware-Virtual-Platform sudo: pam_unix(sudo:session): session opened for user root(uid=0) by youssef-amr(uid=1000)
2026-04-14T13:25:01.687732+02:00 youssef-amr-VMware-Virtual-Platform CRON[8788]: pam_unix(cron:session): session opened for user root(uid=0) by root(uid=0)
2026-04-14T13:30:01.708595+02:00 youssef-amr-VMware-Virtual-Platform CRON[8794]: pam_unix(cron:session): session opened for user root(uid=0) by root(uid=0)
2026-04-14T13:34:28.678092+02:00 youssef-amr-VMware-Virtual-Platform sudo: pam_unix(sudo:session): session opened for user root(uid=0) by youssef-amr(uid=1000)
2026-04-14T13:35:01.719179+02:00 youssef-amr-VMware-Virtual-Platform CRON[8897]: pam_unix(cron:session): session opened for user root(uid=0) by root(uid=0)
2026-04-14T13:38:35.785853+02:00 youssef-amr-VMware-Virtual-Platform sshd[8904]: pam_unix(sshd:session): session opened for user mamoun(uid=1002) by mamoun(uid=0)
2026-04-14T13:38:35.842759+02:00 youssef-amr-VMware-Virtual-Platform (systemd): pam_unix(systemd-user:session): session opened for user mamoun(uid=1002) by mamoun(uid=0)
2026-04-14T13:38:58.441816+02:00 youssef-amr-VMware-Virtual-Platform sudo: pam_unix(sudo:session): session opened for user root(uid=0) by mamoun(uid=1002)
2026-04-14T13:40:15.907417+02:00 youssef-amr-VMware-Virtual-Platform sudo: pam_unix(sudo:session): session opened for user root(uid=0) by youssef-amr(uid=1000)
2026-04-14T13:40:28.105407+02:00 youssef-amr-VMware-Virtual-Platform sudo: pam_unix(sudo:session): session opened for user root(uid=0) by youssef-amr(uid=1000)
2026-04-14T13:44:02.766501+02:00 youssef-amr-VMware-Virtual-Platform sshd[9202]: pam_unix(sshd:session): session opened for user mamoun(uid=1002) by mamoun(uid=0)
2026-04-14T13:45:01.819987+02:00 youssef-amr-VMware-Virtual-Platform CRON[9265]: pam_unix(cron:session): session opened for user root(uid=0) by root(uid=0)
2026-04-14T13:47:48.800604+02:00 youssef-amr-VMware-Virtual-Platform sudo: pam_unix(sudo:session): session opened for user root(uid=0) by mamoun(uid=1002)
2026-04-14T13:47:48.811557+02:00 youssef-amr-VMware-Virtual-Platform sudo: pam_unix(sudo:session): session opened for user root(uid=0) by mamoun(uid=1002)
2026-04-14T13:48:14.645612+02:00 youssef-amr-VMware-Virtual-Platform sudo: pam_unix(sudo:session): session opened for user root(uid=0) by mamoun(uid=1002)
2026-04-14T13:48:14.658991+02:00 youssef-amr-VMware-Virtual-Platform sudo: pam_unix(sudo:session): session opened for user root(uid=0) by mamoun(uid=1002)
2026-04-14T13:48:14.670959+02:00 youssef-amr-VMware-Virtual-Platform sudo: pam_unix(sudo:session): session opened for user root(uid=0) by mamoun(uid=1002)
2026-04-14T13:48:14.682855+02:00 youssef-amr-VMware-Virtual-Platform sudo:   mamoun : TTY=pts/12 ; PWD=/home/mamoun/soc_project ; USER=root ; COMMAND=/usr/bin/grep -E 'session opened|session closed|sudo' /var/log/auth.log
2026-04-14T13:48:14.683574+02:00 youssef-amr-VMware-Virtual-Platform sudo: pam_unix(sudo:session): session opened for user root(uid=0) by mamoun(uid=1002)
2026-04-14T13:48:22.623522+02:00 youssef-amr-VMware-Virtual-Platform sudo: pam_unix(sudo:session): session opened for user root(uid=0) by mamoun(uid=1002)
2026-04-14T13:48:22.638592+02:00 youssef-amr-VMware-Virtual-Platform sudo: pam_unix(sudo:session): session opened for user root(uid=0) by mamoun(uid=1002)
2026-04-14T13:48:22.651099+02:00 youssef-amr-VMware-Virtual-Platform sudo: pam_unix(sudo:session): session opened for user root(uid=0) by mamoun(uid=1002)
2026-04-14T13:48:42.071731+02:00 youssef-amr-VMware-Virtual-Platform sudo: pam_unix(sudo:session): session opened for user root(uid=0) by mamoun(uid=1002)
2026-04-14T13:48:49.145485+02:00 youssef-amr-VMware-Virtual-Platform sudo: pam_unix(sudo:session): session opened for user root(uid=0) by mamoun(uid=1002)
2026-04-14T13:49:02.630676+02:00 youssef-amr-VMware-Virtual-Platform sudo: pam_unix(sudo:session): session opened for user root(uid=0) by mamoun(uid=1002)
2026-04-14T13:49:02.647581+02:00 youssef-amr-VMware-Virtual-Platform sudo: pam_unix(sudo:session): session opened for user root(uid=0) by mamoun(uid=1002)
2026-04-14T13:49:03.774235+02:00 youssef-amr-VMware-Virtual-Platform sudo: pam_unix(sudo:session): session opened for user root(uid=0) by mamoun(uid=1002)
2026-04-14T13:54:59.224023+02:00 youssef-amr-VMware-Virtual-Platform sudo: pam_unix(sudo:session): session opened for user root(uid=0) by mamoun(uid=1002)
2026-04-14T13:54:59.238444+02:00 youssef-amr-VMware-Virtual-Platform sudo: pam_unix(sudo:session): session opened for user root(uid=0) by mamoun(uid=1002)
2026-04-14T13:55:01.837043+02:00 youssef-amr-VMware-Virtual-Platform CRON[9860]: pam_unix(cron:session): session opened for user root(uid=0) by root(uid=0)
2026-04-14T13:55:26.274088+02:00 youssef-amr-VMware-Virtual-Platform sudo: pam_unix(sudo:session): session opened for user root(uid=0) by mamoun(uid=1002)
2026-04-14T13:55:26.291736+02:00 youssef-amr-VMware-Virtual-Platform sudo: pam_unix(sudo:session): session opened for user root(uid=0) by mamoun(uid=1002)
2026-04-14T13:55:26.315903+02:00 youssef-amr-VMware-Virtual-Platform sudo: pam_unix(sudo:session): session opened for user root(uid=0) by mamoun(uid=1002)
2026-04-14T13:55:26.333173+02:00 youssef-amr-VMware-Virtual-Platform sudo: pam_unix(sudo:session): session opened for user root(uid=0) by mamoun(uid=1002)
2026-04-14T13:55:26.348305+02:00 youssef-amr-VMware-Virtual-Platform sudo: pam_unix(sudo:session): session opened for user root(uid=0) by mamoun(uid=1002)
2026-04-14T13:55:26.359901+02:00 youssef-amr-VMware-Virtual-Platform sudo:   mamoun : TTY=pts/12 ; PWD=/home/mamoun/soc_project ; USER=root ; COMMAND=/usr/bin/grep -E 'session opened|session closed|sudo' /var/log/auth.log
2026-04-14T13:55:26.360752+02:00 youssef-amr-VMware-Virtual-Platform sudo: pam_unix(sudo:session): session opened for user root(uid=0) by mamoun(uid=1002)
2026-04-14T13:55:26.376335+02:00 youssef-amr-VMware-Virtual-Platform sudo: pam_unix(sudo:session): session opened for user root(uid=0) by mamoun(uid=1002)
2026-04-14T13:55:26.392113+02:00 youssef-amr-VMware-Virtual-Platform sudo: pam_unix(sudo:session): session opened for user root(uid=0) by mamoun(uid=1002)
2026-04-14T13:55:26.407962+02:00 youssef-amr-VMware-Virtual-Platform sudo: pam_unix(sudo:session): session opened for user root(uid=0) by mamoun(uid=1002)
2026-04-14T13:55:26.490635+02:00 youssef-amr-VMware-Virtual-Platform sudo: pam_unix(sudo:session): session opened for user root(uid=0) by mamoun(uid=1002)
2026-04-14T13:55:26.565028+02:00 youssef-amr-VMware-Virtual-Platform sudo: pam_unix(sudo:session): session opened for user root(uid=0) by mamoun(uid=1002)
2026-04-14T13:55:26.589565+02:00 youssef-amr-VMware-Virtual-Platform sudo: pam_unix(sudo:session): session opened for user root(uid=0) by mamoun(uid=1002)
2026-04-14T13:55:26.608544+02:00 youssef-amr-VMware-Virtual-Platform sudo: pam_unix(sudo:session): session opened for user root(uid=0) by mamoun(uid=1002)
2026-04-14T13:55:27.828159+02:00 youssef-amr-VMware-Virtual-Platform sudo: pam_unix(sudo:session): session opened for user root(uid=0) by mamoun(uid=1002)
2026-04-14T13:55:27.866782+02:00 youssef-amr-VMware-Virtual-Platform sudo: pam_unix(sudo:session): session opened for user root(uid=0) by mamoun(uid=1002)
2026-04-14T13:55:27.884583+02:00 youssef-amr-VMware-Virtual-Platform sudo: pam_unix(sudo:session): session opened for user root(uid=0) by mamoun(uid=1002)
2026-04-14T13:55:27.902856+02:00 youssef-amr-VMware-Virtual-Platform sudo: pam_unix(sudo:session): session opened for user root(uid=0) by mamoun(uid=1002)
2026-04-14T13:55:27.997723+02:00 youssef-amr-VMware-Virtual-Platform sudo: pam_unix(sudo:session): session opened for user root(uid=0) by mamoun(uid=1002)
2026-04-14T13:55:28.011199+02:00 youssef-amr-VMware-Virtual-Platform sudo: pam_unix(sudo:session): session opened for user root(uid=0) by mamoun(uid=1002)
2026-04-14T13:55:28.029730+02:00 youssef-amr-VMware-Virtual-Platform sudo: pam_unix(sudo:session): session opened for user root(uid=0) by mamoun(uid=1002)
2026-04-14T13:55:28.047182+02:00 youssef-amr-VMware-Virtual-Platform sudo: pam_unix(sudo:session): session opened for user root(uid=0) by mamoun(uid=1002)
2026-04-14T13:55:28.065019+02:00 youssef-amr-VMware-Virtual-Platform sudo: pam_unix(sudo:session): session opened for user root(uid=0) by mamoun(uid=1002)
2026-04-14T13:55:28.080239+02:00 youssef-amr-VMware-Virtual-Platform sudo:   mamoun : TTY=pts/12 ; PWD=/home/mamoun/soc_project ; USER=root ; COMMAND=/usr/bin/grep 'session opened' /var/log/auth.log
2026-04-14T13:55:28.081561+02:00 youssef-amr-VMware-Virtual-Platform sudo: pam_unix(sudo:session): session opened for user root(uid=0) by mamoun(uid=1002)
2026-04-14T13:55:28.098822+02:00 youssef-amr-VMware-Virtual-Platform sudo: pam_unix(sudo:session): session opened for user root(uid=0) by mamoun(uid=1002)
2026-04-14T14:05:01.856205+02:00 youssef-amr-VMware-Virtual-Platform CRON[10487]: pam_unix(cron:session): session opened for user root(uid=0) by root(uid=0)
2026-04-14T14:15:01.875827+02:00 youssef-amr-VMware-Virtual-Platform CRON[10618]: pam_unix(cron:session): session opened for user root(uid=0) by root(uid=0)
2026-04-14T14:15:53.647671+02:00 youssef-amr-VMware-Virtual-Platform sshd[10621]: pam_unix(sshd:session): session opened for user mamoun(uid=1002) by mamoun(uid=0)
2026-04-14T14:15:53.691824+02:00 youssef-amr-VMware-Virtual-Platform (systemd): pam_unix(systemd-user:session): session opened for user mamoun(uid=1002) by mamoun(uid=0)
2026-04-14T14:17:01.886805+02:00 youssef-amr-VMware-Virtual-Platform CRON[10808]: pam_unix(cron:session): session opened for user root(uid=0) by root(uid=0)
2026-04-14T14:17:39.500974+02:00 youssef-amr-VMware-Virtual-Platform sudo: pam_unix(sudo:session): session opened for user root(uid=0) by mamoun(uid=1002)
2026-04-14T14:17:39.570202+02:00 youssef-amr-VMware-Virtual-Platform sudo: pam_unix(sudo:session): session opened for user root(uid=0) by mamoun(uid=1002)
2026-04-14T14:25:01.899855+02:00 youssef-amr-VMware-Virtual-Platform CRON[10862]: pam_unix(cron:session): session opened for user root(uid=0) by root(uid=0)
2026-04-14T14:27:33.147616+02:00 youssef-amr-VMware-Virtual-Platform sudo: pam_unix(sudo:session): session opened for user root(uid=0) by youssef-amr(uid=1000)
2026-04-14T14:27:59.532381+02:00 youssef-amr-VMware-Virtual-Platform sudo: pam_unix(sudo:session): session opened for user root(uid=0) by youssef-amr(uid=1000)
2026-04-14T14:30:01.916094+02:00 youssef-amr-VMware-Virtual-Platform CRON[10983]: pam_unix(cron:session): session opened for user root(uid=0) by root(uid=0)
2026-04-14T14:33:57.344397+02:00 youssef-amr-VMware-Virtual-Platform sshd[11012]: pam_unix(sshd:session): session opened for user socdemo(uid=1009) by socdemo(uid=0)
2026-04-14T14:33:57.392768+02:00 youssef-amr-VMware-Virtual-Platform (systemd): pam_unix(systemd-user:session): session opened for user socdemo(uid=1009) by socdemo(uid=0)
2026-04-14T14:35:01.926029+02:00 youssef-amr-VMware-Virtual-Platform CRON[11326]: pam_unix(cron:session): session opened for user root(uid=0) by root(uid=0)
2026-04-14T14:43:40.001229+02:00 youssef-amr-VMware-Virtual-Platform sudo: pam_unix(sudo:session): session opened for user root(uid=0) by youssef-amr(uid=1000)
2026-04-14T14:44:02.308286+02:00 youssef-amr-VMware-Virtual-Platform sudo: pam_unix(sudo:session): session opened for user root(uid=0) by youssef-amr(uid=1000)
2026-04-14T14:44:03.047265+02:00 youssef-amr-VMware-Virtual-Platform sudo: pam_unix(sudo:session): session opened for user root(uid=0) by youssef-amr(uid=1000)
2026-04-14T14:44:03.122688+02:00 youssef-amr-VMware-Virtual-Platform sudo: pam_unix(sudo:session): session opened for user root(uid=0) by youssef-amr(uid=1000)
2026-04-14T14:45:01.945808+02:00 youssef-amr-VMware-Virtual-Platform CRON[11455]: pam_unix(cron:session): session opened for user root(uid=0) by root(uid=0)
2026-04-14T14:46:08.324396+02:00 youssef-amr-VMware-Virtual-Platform sudo: pam_unix(sudo:session): session opened for user root(uid=0) by youssef-amr(uid=1000)
2026-04-14T14:46:08.338928+02:00 youssef-amr-VMware-Virtual-Platform sudo: pam_unix(sudo:session): session opened for user root(uid=0) by youssef-amr(uid=1000)
2026-04-14T14:46:08.742508+02:00 youssef-amr-VMware-Virtual-Platform sudo: pam_unix(sudo:session): session opened for user root(uid=0) by youssef-amr(uid=1000)
2026-04-14T14:46:08.815623+02:00 youssef-amr-VMware-Virtual-Platform sudo: pam_unix(sudo:session): session opened for user root(uid=0) by youssef-amr(uid=1000)
2026-04-14T14:47:48.872691+02:00 youssef-amr-VMware-Virtual-Platform sudo: pam_unix(sudo:session): session opened for user root(uid=0) by youssef-amr(uid=1000)
2026-04-14T14:47:48.898955+02:00 youssef-amr-VMware-Virtual-Platform sudo: pam_unix(sudo:session): session opened for user root(uid=0) by youssef-amr(uid=1000)
2026-04-14T14:47:48.936826+02:00 youssef-amr-VMware-Virtual-Platform sudo: pam_unix(sudo:session): session opened for user root(uid=0) by youssef-amr(uid=1000)
2026-04-14T14:47:49.011585+02:00 youssef-amr-VMware-Virtual-Platform sudo: pam_unix(sudo:session): session opened for user root(uid=0) by youssef-amr(uid=1000)
2026-04-14T14:47:49.084211+02:00 youssef-amr-VMware-Virtual-Platform sudo: pam_unix(sudo:session): session opened for user root(uid=0) by youssef-amr(uid=1000)
2026-04-14T14:48:58.531960+02:00 youssef-amr-VMware-Virtual-Platform sshd[11547]: pam_unix(sshd:session): session opened for user socdemo(uid=1009) by socdemo(uid=0)
2026-04-14T14:48:58.574771+02:00 youssef-amr-VMware-Virtual-Platform (systemd): pam_unix(systemd-user:session): session opened for user socdemo(uid=1009) by socdemo(uid=0)
2026-04-14T14:55:01.959901+02:00 youssef-amr-VMware-Virtual-Platform CRON[11879]: pam_unix(cron:session): session opened for user root(uid=0) by root(uid=0)
2026-04-14T15:05:01.978469+02:00 youssef-amr-VMware-Virtual-Platform CRON[12067]: pam_unix(cron:session): session opened for user root(uid=0) by root(uid=0)
2026-04-14T15:15:01.999024+02:00 youssef-amr-VMware-Virtual-Platform CRON[12146]: pam_unix(cron:session): session opened for user root(uid=0) by root(uid=0)
2026-04-14T15:16:00.824032+02:00 youssef-amr-VMware-Virtual-Platform sudo: pam_unix(sudo:session): session opened for user root(uid=0) by youssef-amr(uid=1000)
2026-04-14T15:16:00.852564+02:00 youssef-amr-VMware-Virtual-Platform sudo: pam_unix(sudo:session): session opened for user root(uid=0) by youssef-amr(uid=1000)
2026-04-14T15:16:00.888651+02:00 youssef-amr-VMware-Virtual-Platform sudo: pam_unix(sudo:session): session opened for user root(uid=0) by youssef-amr(uid=1000)
2026-04-14T15:16:00.944776+02:00 youssef-amr-VMware-Virtual-Platform sudo: pam_unix(sudo:session): session opened for user root(uid=0) by youssef-amr(uid=1000)
2026-04-14T15:16:00.993806+02:00 youssef-amr-VMware-Virtual-Platform sudo: pam_unix(sudo:session): session opened for user root(uid=0) by youssef-amr(uid=1000)
2026-04-14T15:16:01.019947+02:00 youssef-amr-VMware-Virtual-Platform sudo: pam_unix(sudo:session): session opened for user root(uid=0) by youssef-amr(uid=1000)
2026-04-14T15:16:14.230897+02:00 youssef-amr-VMware-Virtual-Platform sudo: pam_unix(sudo:session): session opened for user root(uid=0) by youssef-amr(uid=1000)
2026-04-14T15:16:41.193135+02:00 youssef-amr-VMware-Virtual-Platform sudo: pam_unix(sudo:session): session opened for user root(uid=0) by youssef-amr(uid=1000)
2026-04-14T15:16:56.145753+02:00 youssef-amr-VMware-Virtual-Platform sudo: pam_unix(sudo:session): session opened for user root(uid=0) by youssef-amr(uid=1000)
2026-04-14T15:16:56.285374+02:00 youssef-amr-VMware-Virtual-Platform sudo: pam_unix(sudo:session): session opened for user root(uid=0) by youssef-amr(uid=1000)
2026-04-14T15:17:01.008458+02:00 youssef-amr-VMware-Virtual-Platform CRON[12686]: pam_unix(cron:session): session opened for user root(uid=0) by root(uid=0)
2026-04-14T15:17:08.992541+02:00 youssef-amr-VMware-Virtual-Platform sudo: pam_unix(sudo:session): session opened for user root(uid=0) by youssef-amr(uid=1000)
2026-04-14T15:17:09.129973+02:00 youssef-amr-VMware-Virtual-Platform sudo: pam_unix(sudo:session): session opened for user root(uid=0) by youssef-amr(uid=1000)
2026-04-14T15:21:01.801170+02:00 youssef-amr-VMware-Virtual-Platform sudo: pam_unix(sudo:session): session opened for user root(uid=0) by youssef-amr(uid=1000)
2026-04-14T15:21:04.882634+02:00 youssef-amr-VMware-Virtual-Platform sudo: pam_unix(sudo:session): session opened for user root(uid=0) by youssef-amr(uid=1000)
2026-04-14T15:21:04.918849+02:00 youssef-amr-VMware-Virtual-Platform sudo: pam_unix(sudo:session): session opened for user root(uid=0) by youssef-amr(uid=1000)
2026-04-14T15:22:45.194851+02:00 youssef-amr-VMware-Virtual-Platform sshd[13199]: pam_unix(sshd:session): session opened for user socdemo(uid=1009) by socdemo(uid=0)
2026-04-14T15:22:45.243075+02:00 youssef-amr-VMware-Virtual-Platform (systemd): pam_unix(systemd-user:session): session opened for user socdemo(uid=1009) by socdemo(uid=0)
2026-04-14T15:25:01.022206+02:00 youssef-amr-VMware-Virtual-Platform CRON[13417]: pam_unix(cron:session): session opened for user root(uid=0) by root(uid=0)
2026-04-14T15:25:16.925074+02:00 youssef-amr-VMware-Virtual-Platform sudo: pam_unix(sudo:session): session opened for user root(uid=0) by youssef-amr(uid=1000)
2026-04-14T15:25:16.937405+02:00 youssef-amr-VMware-Virtual-Platform sudo: pam_unix(sudo:session): session opened for user root(uid=0) by youssef-amr(uid=1000)
2026-04-14T15:25:16.952383+02:00 youssef-amr-VMware-Virtual-Platform sudo: pam_unix(sudo:session): session opened for user root(uid=0) by youssef-amr(uid=1000)
2026-04-14T15:25:16.967505+02:00 youssef-amr-VMware-Virtual-Platform sudo: youssef-amr : TTY=pts/8 ; PWD=/home/youssef-amr/soc_project ; USER=root ; COMMAND=/usr/bin/grep 'session opened' /var/log/auth.log
2026-04-14T15:25:16.968581+02:00 youssef-amr-VMware-Virtual-Platform sudo: pam_unix(sudo:session): session opened for user root(uid=0) by youssef-amr(uid=1000)
